<?xml version="1.0" encoding="UTF-8"?>
<testng-results ignored="0" total="1" passed="1" failed="0" skipped="0">
  <reporter-output>
  </reporter-output>
  <suite started-at="2021-07-15T19:20:43 IST" name="Default suite" finished-at="2021-07-15T19:20:51 IST" duration-ms="7526">
    <groups>
    </groups>
    <test started-at="2021-07-15T19:20:43 IST" name="Default test" finished-at="2021-07-15T19:20:51 IST" duration-ms="7526">
      <class name="Scenarios.HomePageTest">
        <test-method signature="requestQuote1()[pri:0, instance:Scenarios.HomePageTest@769e7ee8]" started-at="2021-07-15T19:20:43 IST" name="requestQuote1" finished-at="2021-07-15T19:20:51 IST" duration-ms="7472" status="PASS">
          <reporter-output>
          </reporter-output>
        </test-method> <!-- requestQuote1 -->
      </class> <!-- Scenarios.HomePageTest -->
    </test> <!-- Default test -->
  </suite> <!-- Default suite -->
</testng-results>
